Release 14.7 - xst P.20131013 (nt64)
Copyright (c) 1995-2013 Xilinx, Inc.  All rights reserved.
--> Parameter TMPDIR set to xst/projnav.tmp


Total REAL time to Xst completion: 0.00 secs
Total CPU time to Xst completion: 0.17 secs
 
--> Parameter xsthdpdir set to xst


Total REAL time to Xst completion: 0.00 secs
Total CPU time to Xst completion: 0.17 secs
 
--> Reading design: REGBANK_registro.prj

TABLE OF CONTENTS
  1) Synthesis Options Summary
  2) HDL Parsing
  3) HDL Elaboration
  4) HDL Synthesis
       4.1) HDL Synthesis Report
  5) Advanced HDL Synthesis
       5.1) Advanced HDL Synthesis Report
  6) Low Level Synthesis
  7) Partition Report
  8) Design Summary
       8.1) Primitive and Black Box Usage
       8.2) Device utilization summary
       8.3) Partition Resource Summary
       8.4) Timing Report
            8.4.1) Clock Information
            8.4.2) Asynchronous Control Signals Information
            8.4.3) Timing Summary
            8.4.4) Timing Details
            8.4.5) Cross Clock Domains Report


=========================================================================
*                      Synthesis Options Summary                        *
=========================================================================
---- Source Parameters
Input File Name                    : "REGBANK_registro.prj"
Ignore Synthesis Constraint File   : NO

---- Target Parameters
Output File Name                   : "REGBANK_registro"
Output Format                      : NGC
Target Device                      : xc6slx16-3-csg324

---- Source Options
Top Module Name                    : REGBANK_registro
Automatic FSM Extraction           : YES
FSM Encoding Algorithm             : Auto
Safe Implementation                : No
FSM Style                          : LUT
RAM Extraction                     : Yes
RAM Style                          : Auto
ROM Extraction                     : Yes
Shift Register Extraction          : YES
ROM Style                          : Auto
Resource Sharing                   : YES
Asynchronous To Synchronous        : NO
Shift Register Minimum Size        : 2
Use DSP Block                      : Auto
Automatic Register Balancing       : No

---- Target Options
LUT Combining                      : Auto
Reduce Control Sets                : Auto
Add IO Buffers                     : YES
Global Maximum Fanout              : 100000
Add Generic Clock Buffer(BUFG)     : 16
Register Duplication               : YES
Optimize Instantiated Primitives   : NO
Use Clock Enable                   : Auto
Use Synchronous Set                : Auto
Use Synchronous Reset              : Auto
Pack IO Registers into IOBs        : Auto
Equivalent register Removal        : YES

---- General Options
Optimization Goal                  : Speed
Optimization Effort                : 1
Power Reduction                    : NO
Keep Hierarchy                     : No
Netlist Hierarchy                  : As_Optimized
RTL Output                         : Yes
Global Optimization                : AllClockNets
Read Cores                         : YES
Write Timing Constraints           : NO
Cross Clock Analysis               : NO
Hierarchy Separator                : /
Bus Delimiter                      : <>
Case Specifier                     : Maintain
Slice Utilization Ratio            : 100
BRAM Utilization Ratio             : 100
DSP48 Utilization Ratio            : 100
Auto BRAM Packing                  : NO
Slice Utilization Ratio Delta      : 5

=========================================================================


=========================================================================
*                          HDL Parsing                                  *
=========================================================================
Analyzing Verilog file "C:\Users\Ariel\Documents\finalArquitectura\REGBANK\REGBANK_registro.v" into library work
Parsing module <REGBANK_registro>.

=========================================================================
*                            HDL Elaboration                            *
=========================================================================

Elaborating module <REGBANK_registro>.

=========================================================================
*                           HDL Synthesis                               *
=========================================================================

Synthesizing Unit <REGBANK_registro>.
    Related source file is "C:\Users\Ariel\Documents\finalArquitectura\REGBANK\REGBANK_registro.v".
        bits_wide = 32
    Found 32-bit register for signal <Z_1_o_dff_4_OUT>.
    Found 1-bit register for signal <read_enable_clock_DFF_33>.
    Found 32-bit register for signal <data>.
    Found 1-bit tristate buffer for signal <data_out<31>> created at line 30
    Found 1-bit tristate buffer for signal <data_out<30>> created at line 30
    Found 1-bit tristate buffer for signal <data_out<29>> created at line 30
    Found 1-bit tristate buffer for signal <data_out<28>> created at line 30
    Found 1-bit tristate buffer for signal <data_out<27>> created at line 30
    Found 1-bit tristate buffer for signal <data_out<26>> created at line 30
    Found 1-bit tristate buffer for signal <data_out<25>> created at line 30
    Found 1-bit tristate buffer for signal <data_out<24>> created at line 30
    Found 1-bit tristate buffer for signal <data_out<23>> created at line 30
    Found 1-bit tristate buffer for signal <data_out<22>> created at line 30
    Found 1-bit tristate buffer for signal <data_out<21>> created at line 30
    Found 1-bit tristate buffer for signal <data_out<20>> created at line 30
    Found 1-bit tristate buffer for signal <data_out<19>> created at line 30
    Found 1-bit tristate buffer for signal <data_out<18>> created at line 30
    Found 1-bit tristate buffer for signal <data_out<17>> created at line 30
    Found 1-bit tristate buffer for signal <data_out<16>> created at line 30
    Found 1-bit tristate buffer for signal <data_out<15>> created at line 30
    Found 1-bit tristate buffer for signal <data_out<14>> created at line 30
    Found 1-bit tristate buffer for signal <data_out<13>> created at line 30
    Found 1-bit tristate buffer for signal <data_out<12>> created at line 30
    Found 1-bit tristate buffer for signal <data_out<11>> created at line 30
    Found 1-bit tristate buffer for signal <data_out<10>> created at line 30
    Found 1-bit tristate buffer for signal <data_out<9>> created at line 30
    Found 1-bit tristate buffer for signal <data_out<8>> created at line 30
    Found 1-bit tristate buffer for signal <data_out<7>> created at line 30
    Found 1-bit tristate buffer for signal <data_out<6>> created at line 30
    Found 1-bit tristate buffer for signal <data_out<5>> created at line 30
    Found 1-bit tristate buffer for signal <data_out<4>> created at line 30
    Found 1-bit tristate buffer for signal <data_out<3>> created at line 30
    Found 1-bit tristate buffer for signal <data_out<2>> created at line 30
    Found 1-bit tristate buffer for signal <data_out<1>> created at line 30
    Found 1-bit tristate buffer for signal <data_out<0>> created at line 30
    Summary:
	inferred  65 D-type flip-flop(s).
	inferred  32 Tristate(s).
Unit <REGBANK_registro> synthesized.

=========================================================================
HDL Synthesis Report

Macro Statistics
# Registers                                            : 3
 1-bit register                                        : 1
 32-bit register                                       : 2
# Tristates                                            : 32
 1-bit tristate buffer                                 : 32

=========================================================================

=========================================================================
*                       Advanced HDL Synthesis                          *
=========================================================================


=========================================================================
Advanced HDL Synthesis Report

Macro Statistics
# Registers                                            : 65
 Flip-Flops                                            : 65

=========================================================================

=========================================================================
*                         Low Level Synthesis                           *
=========================================================================

Optimizing unit <REGBANK_registro> ...

Mapping all equations...
Building and optimizing final netlist ...
Found area constraint ratio of 100 (+ 5) on block REGBANK_registro, actual ratio is 1.

Final Macro Processing ...

=========================================================================
Final Register Report

Macro Statistics
# Registers                                            : 65
 Flip-Flops                                            : 65

=========================================================================

=========================================================================
*                           Partition Report                            *
=========================================================================

Partition Implementation Status
-------------------------------

  No Partitions were found in this design.

-------------------------------

=========================================================================
*                            Design Summary                             *
=========================================================================

Top Level Output File Name         : REGBANK_registro.ngc

Primitive and Black Box Usage:
------------------------------
# BELS                             : 1
#      INV                         : 1
# FlipFlops/Latches                : 65
#      FD                          : 33
#      FDE                         : 32
# Clock Buffers                    : 1
#      BUFGP                       : 1
# IO Buffers                       : 66
#      IBUF                        : 34
#      OBUFT                       : 32

Device utilization summary:
---------------------------

Selected Device : 6slx16csg324-3 


Slice Logic Utilization: 
 Number of Slice Registers:              64  out of  18224     0%  
 Number of Slice LUTs:                    1  out of   9112     0%  
    Number used as Logic:                 1  out of   9112     0%  

Slice Logic Distribution: 
 Number of LUT Flip Flop pairs used:     65
   Number with an unused Flip Flop:       1  out of     65     1%  
   Number with an unused LUT:            64  out of     65    98%  
   Number of fully used LUT-FF pairs:     0  out of     65     0%  
   Number of unique control sets:         2

IO Utilization: 
 Number of IOs:                          67
 Number of bonded IOBs:                  67  out of    232    28%  
    IOB Flip Flops/Latches:               1

Specific Feature Utilization:
 Number of BUFG/BUFGCTRLs:                1  out of     16     6%  

---------------------------
Partition Resource Summary:
---------------------------

  No Partitions were found in this design.

---------------------------


=========================================================================
Timing Report

NOTE: THESE TIMING NUMBERS ARE ONLY A SYNTHESIS ESTIMATE.
      FOR ACCURATE TIMING INFORMATION PLEASE REFER TO THE TRACE REPORT
      GENERATED AFTER PLACE-and-ROUTE.

Clock Information:
------------------
-----------------------------------+------------------------+-------+
Clock Signal                       | Clock buffer(FF name)  | Load  |
-----------------------------------+------------------------+-------+
clock                              | BUFGP                  | 65    |
-----------------------------------+------------------------+-------+

Asynchronous Control Signals Information:
----------------------------------------
No asynchronous control signals found in this design

Timing Summary:
---------------
Speed Grade: -3

   Minimum period: 1.128ns (Maximum Frequency: 886.643MHz)
   Minimum input arrival time before clock: 2.835ns
   Maximum output required time after clock: 5.094ns
   Maximum combinational path delay: No path found

Timing Details:
---------------
All values displayed in nanoseconds (ns)

=========================================================================
Timing constraint: Default period analysis for Clock 'clock'
  Clock period: 1.128ns (frequency: 886.643MHz)
  Total number of paths / destination ports: 32 / 32
-------------------------------------------------------------------------
Delay:               1.128ns (Levels of Logic = 0)
  Source:            data_0 (FF)
  Destination:       data_out_0 (FF)
  Source Clock:      clock rising
  Destination Clock: clock rising

  Data Path: data_0 to data_out_0
                                Gate     Net
    Cell:in->out      fanout   Delay   Delay  Logical Name (Net Name)
    ----------------------------------------  ------------
     FDE:C->Q              1   0.447   0.579  data_0 (data_0)
     FD:D                      0.102          data_out_0
    ----------------------------------------
    Total                      1.128ns (0.549ns logic, 0.579ns route)
                                       (48.7% logic, 51.3% route)

=========================================================================
Timing constraint: Default OFFSET IN BEFORE for Clock 'clock'
  Total number of paths / destination ports: 65 / 65
-------------------------------------------------------------------------
Offset:              2.835ns (Levels of Logic = 1)
  Source:            write_enable (PAD)
  Destination:       data_0 (FF)
  Destination Clock: clock rising

  Data Path: write_enable to data_0
                                Gate     Net
    Cell:in->out      fanout   Delay   Delay  Logical Name (Net Name)
    ----------------------------------------  ------------
     IBUF:I->O            32   1.222   1.291  write_enable_IBUF (write_enable_IBUF)
     FDE:CE                    0.322          data_0
    ----------------------------------------
    Total                      2.835ns (1.544ns logic, 1.291ns route)
                                       (54.5% logic, 45.5% route)

=========================================================================
Timing constraint: Default OFFSET OUT AFTER for Clock 'clock'
  Total number of paths / destination ports: 64 / 32
-------------------------------------------------------------------------
Offset:              5.094ns (Levels of Logic = 2)
  Source:            read_enable_clock_DFF_33 (FF)
  Destination:       data_out<31> (PAD)
  Source Clock:      clock rising

  Data Path: read_enable_clock_DFF_33 to data_out<31>
                                Gate     Net
    Cell:in->out      fanout   Delay   Delay  Logical Name (Net Name)
    ----------------------------------------  ------------
     FD:C->Q               1   0.447   0.579  read_enable_clock_DFF_33 (read_enable_clock_DFF_33)
     INV:I->O             32   0.206   1.291  read_enable_clock_DFF_33_inv321_INV_0 (read_enable_clock_DFF_33_inv)
     OBUFT:T->O                2.571          data_out_31_OBUFT (data_out<31>)
    ----------------------------------------
    Total                      5.094ns (3.224ns logic, 1.870ns route)
                                       (63.3% logic, 36.7% route)

=========================================================================

Cross Clock Domains Report:
--------------------------

Clock to Setup on destination clock clock
---------------+---------+---------+---------+---------+
               | Src:Rise| Src:Fall| Src:Rise| Src:Fall|
Source Clock   |Dest:Rise|Dest:Rise|Dest:Fall|Dest:Fall|
---------------+---------+---------+---------+---------+
clock          |    1.128|         |         |         |
---------------+---------+---------+---------+---------+

=========================================================================


Total REAL time to Xst completion: 8.00 secs
Total CPU time to Xst completion: 7.63 secs
 
--> 

Total memory usage is 258568 kilobytes

Number of errors   :    0 (   0 filtered)
Number of warnings :    0 (   0 filtered)
Number of infos    :    0 (   0 filtered)

