Release 14.7 - xst P.20131013 (nt64)
Copyright (c) 1995-2013 Xilinx, Inc.  All rights reserved.
--> Parameter TMPDIR set to xst/projnav.tmp


Total REAL time to Xst completion: 1.00 secs
Total CPU time to Xst completion: 0.17 secs
 
--> Parameter xsthdpdir set to xst


Total REAL time to Xst completion: 1.00 secs
Total CPU time to Xst completion: 0.17 secs
 
--> Reading design: UART_baud_rate_generator.prj

TABLE OF CONTENTS
  1) Synthesis Options Summary
  2) HDL Parsing
  3) HDL Elaboration
  4) HDL Synthesis
       4.1) HDL Synthesis Report
  5) Advanced HDL Synthesis
       5.1) Advanced HDL Synthesis Report
  6) Low Level Synthesis
  7) Partition Report
  8) Design Summary
       8.1) Primitive and Black Box Usage
       8.2) Device utilization summary
       8.3) Partition Resource Summary
       8.4) Timing Report
            8.4.1) Clock Information
            8.4.2) Asynchronous Control Signals Information
            8.4.3) Timing Summary
            8.4.4) Timing Details
            8.4.5) Cross Clock Domains Report


=========================================================================
*                      Synthesis Options Summary                        *
=========================================================================
---- Source Parameters
Input File Name                    : "UART_baud_rate_generator.prj"
Ignore Synthesis Constraint File   : NO

---- Target Parameters
Output File Name                   : "UART_baud_rate_generator"
Output Format                      : NGC
Target Device                      : xc6slx4-3-tqg144

---- Source Options
Top Module Name                    : UART_baud_rate_generator
Automatic FSM Extraction           : YES
FSM Encoding Algorithm             : Auto
Safe Implementation                : No
FSM Style                          : LUT
RAM Extraction                     : Yes
RAM Style                          : Auto
ROM Extraction                     : Yes
Shift Register Extraction          : YES
ROM Style                          : Auto
Resource Sharing                   : YES
Asynchronous To Synchronous        : NO
Shift Register Minimum Size        : 2
Use DSP Block                      : Auto
Automatic Register Balancing       : No

---- Target Options
LUT Combining                      : Auto
Reduce Control Sets                : Auto
Add IO Buffers                     : YES
Global Maximum Fanout              : 100000
Add Generic Clock Buffer(BUFG)     : 16
Register Duplication               : YES
Optimize Instantiated Primitives   : NO
Use Clock Enable                   : Auto
Use Synchronous Set                : Auto
Use Synchronous Reset              : Auto
Pack IO Registers into IOBs        : Auto
Equivalent register Removal        : YES

---- General Options
Optimization Goal                  : Speed
Optimization Effort                : 1
Power Reduction                    : NO
Keep Hierarchy                     : No
Netlist Hierarchy                  : As_Optimized
RTL Output                         : Yes
Global Optimization                : AllClockNets
Read Cores                         : YES
Write Timing Constraints           : NO
Cross Clock Analysis               : NO
Hierarchy Separator                : /
Bus Delimiter                      : <>
Case Specifier                     : Maintain
Slice Utilization Ratio            : 100
BRAM Utilization Ratio             : 100
DSP48 Utilization Ratio            : 100
Auto BRAM Packing                  : NO
Slice Utilization Ratio Delta      : 5

=========================================================================


=========================================================================
*                          HDL Parsing                                  *
=========================================================================
Analyzing Verilog file "C:\Users\Ariel\Xilinx\Workspace\UART\baud_rate_generator.v" into library work
Parsing module <UART_baud_rate_generator>.

=========================================================================
*                            HDL Elaboration                            *
=========================================================================

Elaborating module <UART_baud_rate_generator>.

=========================================================================
*                           HDL Synthesis                               *
=========================================================================

Synthesizing Unit <UART_baud_rate_generator>.
    Related source file is "C:\Users\Ariel\Xilinx\Workspace\UART\baud_rate_generator.v".
        COUNT = 163
    Found 1-bit register for signal <baud_rate_clock>.
    Found 16-bit register for signal <counter>.
    Found 16-bit adder for signal <counter[15]_GND_1_o_add_2_OUT> created at line 27.
    Found 16-bit comparator greater for signal <counter[15]_GND_1_o_LessThan_2_o> created at line 27
    Summary:
	inferred   1 Adder/Subtractor(s).
	inferred  17 D-type flip-flop(s).
	inferred   1 Comparator(s).
Unit <UART_baud_rate_generator> synthesized.

=========================================================================
HDL Synthesis Report

Macro Statistics
# Adders/Subtractors                                   : 1
 16-bit adder                                          : 1
# Registers                                            : 2
 1-bit register                                        : 1
 16-bit register                                       : 1
# Comparators                                          : 1
 16-bit comparator greater                             : 1

=========================================================================

=========================================================================
*                       Advanced HDL Synthesis                          *
=========================================================================


Synthesizing (advanced) Unit <UART_baud_rate_generator>.
The following registers are absorbed into counter <counter>: 1 register on signal <counter>.
Unit <UART_baud_rate_generator> synthesized (advanced).

=========================================================================
Advanced HDL Synthesis Report

Macro Statistics
# Counters                                             : 1
 16-bit up counter                                     : 1
# Registers                                            : 1
 Flip-Flops                                            : 1
# Comparators                                          : 1
 16-bit comparator greater                             : 1

=========================================================================

=========================================================================
*                         Low Level Synthesis                           *
=========================================================================

Optimizing unit <UART_baud_rate_generator> ...
WARNING:Xst:1293 - FF/Latch <counter_8> has a constant value of 0 in block <UART_baud_rate_generator>. This FF/Latch will be trimmed during the optimization process.
WARNING:Xst:1896 - Due to other FF/Latch trimming, FF/Latch <counter_9> has a constant value of 0 in block <UART_baud_rate_generator>. This FF/Latch will be trimmed during the optimization process.
WARNING:Xst:1896 - Due to other FF/Latch trimming, FF/Latch <counter_10> has a constant value of 0 in block <UART_baud_rate_generator>. This FF/Latch will be trimmed during the optimization process.
WARNING:Xst:1896 - Due to other FF/Latch trimming, FF/Latch <counter_11> has a constant value of 0 in block <UART_baud_rate_generator>. This FF/Latch will be trimmed during the optimization process.
WARNING:Xst:1896 - Due to other FF/Latch trimming, FF/Latch <counter_12> has a constant value of 0 in block <UART_baud_rate_generator>. This FF/Latch will be trimmed during the optimization process.
WARNING:Xst:1896 - Due to other FF/Latch trimming, FF/Latch <counter_13> has a constant value of 0 in block <UART_baud_rate_generator>. This FF/Latch will be trimmed during the optimization process.
WARNING:Xst:1896 - Due to other FF/Latch trimming, FF/Latch <counter_14> has a constant value of 0 in block <UART_baud_rate_generator>. This FF/Latch will be trimmed during the optimization process.
WARNING:Xst:1896 - Due to other FF/Latch trimming, FF/Latch <counter_15> has a constant value of 0 in block <UART_baud_rate_generator>. This FF/Latch will be trimmed during the optimization process.

Mapping all equations...
Building and optimizing final netlist ...
Found area constraint ratio of 100 (+ 5) on block UART_baud_rate_generator, actual ratio is 0.

Final Macro Processing ...

=========================================================================
Final Register Report

Macro Statistics
# Registers                                            : 9
 Flip-Flops                                            : 9

=========================================================================

=========================================================================
*                           Partition Report                            *
=========================================================================

Partition Implementation Status
-------------------------------

  No Partitions were found in this design.

-------------------------------

=========================================================================
*                            Design Summary                             *
=========================================================================

Top Level Output File Name         : UART_baud_rate_generator.ngc

Primitive and Black Box Usage:
------------------------------
# BELS                             : 37
#      GND                         : 1
#      INV                         : 1
#      LUT1                        : 7
#      LUT2                        : 8
#      LUT3                        : 2
#      LUT6                        : 2
#      MUXCY                       : 7
#      VCC                         : 1
#      XORCY                       : 8
# FlipFlops/Latches                : 9
#      FD                          : 9
# Clock Buffers                    : 1
#      BUFGP                       : 1
# IO Buffers                       : 1
#      OBUF                        : 1

Device utilization summary:
---------------------------

Selected Device : 6slx4tqg144-3 


Slice Logic Utilization: 
 Number of Slice Registers:               9  out of   4800     0%  
 Number of Slice LUTs:                   20  out of   2400     0%  
    Number used as Logic:                20  out of   2400     0%  

Slice Logic Distribution: 
 Number of LUT Flip Flop pairs used:     20
   Number with an unused Flip Flop:      11  out of     20    55%  
   Number with an unused LUT:             0  out of     20     0%  
   Number of fully used LUT-FF pairs:     9  out of     20    45%  
   Number of unique control sets:         1

IO Utilization: 
 Number of IOs:                           2
 Number of bonded IOBs:                   2  out of    102     1%  

Specific Feature Utilization:
 Number of BUFG/BUFGCTRLs:                1  out of     16     6%  

---------------------------
Partition Resource Summary:
---------------------------

  No Partitions were found in this design.

---------------------------


=========================================================================
Timing Report

NOTE: THESE TIMING NUMBERS ARE ONLY A SYNTHESIS ESTIMATE.
      FOR ACCURATE TIMING INFORMATION PLEASE REFER TO THE TRACE REPORT
      GENERATED AFTER PLACE-and-ROUTE.

Clock Information:
------------------
-----------------------------------+------------------------+-------+
Clock Signal                       | Clock buffer(FF name)  | Load  |
-----------------------------------+------------------------+-------+
clock                              | BUFGP                  | 9     |
-----------------------------------+------------------------+-------+

Asynchronous Control Signals Information:
----------------------------------------
No asynchronous control signals found in this design

Timing Summary:
---------------
Speed Grade: -3

   Minimum period: 3.426ns (Maximum Frequency: 291.915MHz)
   Minimum input arrival time before clock: No path found
   Maximum output required time after clock: 3.597ns
   Maximum combinational path delay: No path found

Timing Details:
---------------
All values displayed in nanoseconds (ns)

=========================================================================
Timing constraint: Default period analysis for Clock 'clock'
  Clock period: 3.426ns (frequency: 291.915MHz)
  Total number of paths / destination ports: 108 / 9
-------------------------------------------------------------------------
Delay:               3.426ns (Levels of Logic = 3)
  Source:            counter_1 (FF)
  Destination:       counter_0 (FF)
  Source Clock:      clock rising
  Destination Clock: clock rising

  Data Path: counter_1 to counter_0
                                Gate     Net
    Cell:in->out      fanout   Delay   Delay  Logical Name (Net Name)
    ----------------------------------------  ------------
     FD:C->Q               3   0.447   0.879  counter_1 (counter_1)
     LUT3:I0->O            1   0.205   0.580  counter[15]_GND_1_o_LessThan_2_o_inv_SW0 (N2)
     LUT6:I5->O            8   0.205   0.803  counter[15]_GND_1_o_LessThan_2_o_inv (counter[15]_GND_1_o_LessThan_2_o_inv)
     LUT2:I1->O            1   0.205   0.000  counter_0_rstpot (counter_0_rstpot)
     FD:D                      0.102          counter_0
    ----------------------------------------
    Total                      3.426ns (1.164ns logic, 2.262ns route)
                                       (34.0% logic, 66.0% route)

=========================================================================
Timing constraint: Default OFFSET OUT AFTER for Clock 'clock'
  Total number of paths / destination ports: 1 / 1
-------------------------------------------------------------------------
Offset:              3.597ns (Levels of Logic = 1)
  Source:            baud_rate_clock (FF)
  Destination:       baud_rate_clock (PAD)
  Source Clock:      clock rising

  Data Path: baud_rate_clock to baud_rate_clock
                                Gate     Net
    Cell:in->out      fanout   Delay   Delay  Logical Name (Net Name)
    ----------------------------------------  ------------
     FD:C->Q               1   0.447   0.579  baud_rate_clock (baud_rate_clock_OBUF)
     OBUF:I->O                 2.571          baud_rate_clock_OBUF (baud_rate_clock)
    ----------------------------------------
    Total                      3.597ns (3.018ns logic, 0.579ns route)
                                       (83.9% logic, 16.1% route)

=========================================================================

Cross Clock Domains Report:
--------------------------

Clock to Setup on destination clock clock
---------------+---------+---------+---------+---------+
               | Src:Rise| Src:Fall| Src:Rise| Src:Fall|
Source Clock   |Dest:Rise|Dest:Rise|Dest:Fall|Dest:Fall|
---------------+---------+---------+---------+---------+
clock          |    3.426|         |         |         |
---------------+---------+---------+---------+---------+

=========================================================================


Total REAL time to Xst completion: 8.00 secs
Total CPU time to Xst completion: 7.97 secs
 
--> 

Total memory usage is 257512 kilobytes

Number of errors   :    0 (   0 filtered)
Number of warnings :    8 (   0 filtered)
Number of infos    :    0 (   0 filtered)

