Release 14.7 - xst P.20131013 (nt64)
Copyright (c) 1995-2013 Xilinx, Inc.  All rights reserved.
--> Parameter TMPDIR set to xst/projnav.tmp


Total REAL time to Xst completion: 0.00 secs
Total CPU time to Xst completion: 0.19 secs
 
--> Parameter xsthdpdir set to xst


Total REAL time to Xst completion: 0.00 secs
Total CPU time to Xst completion: 0.19 secs
 
--> Reading design: UART_tx.prj

TABLE OF CONTENTS
  1) Synthesis Options Summary
  2) HDL Parsing
  3) HDL Elaboration
  4) HDL Synthesis
       4.1) HDL Synthesis Report
  5) Advanced HDL Synthesis
       5.1) Advanced HDL Synthesis Report
  6) Low Level Synthesis
  7) Partition Report
  8) Design Summary
       8.1) Primitive and Black Box Usage
       8.2) Device utilization summary
       8.3) Partition Resource Summary
       8.4) Timing Report
            8.4.1) Clock Information
            8.4.2) Asynchronous Control Signals Information
            8.4.3) Timing Summary
            8.4.4) Timing Details
            8.4.5) Cross Clock Domains Report


=========================================================================
*                      Synthesis Options Summary                        *
=========================================================================
---- Source Parameters
Input File Name                    : "UART_tx.prj"
Ignore Synthesis Constraint File   : NO

---- Target Parameters
Output File Name                   : "UART_tx"
Output Format                      : NGC
Target Device                      : xc7a100t-3-csg324

---- Source Options
Top Module Name                    : UART_tx
Automatic FSM Extraction           : YES
FSM Encoding Algorithm             : Auto
Safe Implementation                : No
FSM Style                          : LUT
RAM Extraction                     : Yes
RAM Style                          : Auto
ROM Extraction                     : Yes
Shift Register Extraction          : YES
ROM Style                          : Auto
Resource Sharing                   : YES
Asynchronous To Synchronous        : NO
Shift Register Minimum Size        : 2
Use DSP Block                      : Auto
Automatic Register Balancing       : No

---- Target Options
LUT Combining                      : Auto
Reduce Control Sets                : Auto
Add IO Buffers                     : YES
Global Maximum Fanout              : 100000
Add Generic Clock Buffer(BUFG)     : 16
Register Duplication               : YES
Optimize Instantiated Primitives   : NO
Use Clock Enable                   : Auto
Use Synchronous Set                : Auto
Use Synchronous Reset              : Auto
Pack IO Registers into IOBs        : Auto
Equivalent register Removal        : YES

---- General Options
Optimization Goal                  : Speed
Optimization Effort                : 1
Power Reduction                    : NO
Keep Hierarchy                     : No
Netlist Hierarchy                  : As_Optimized
RTL Output                         : Yes
Global Optimization                : AllClockNets
Read Cores                         : YES
Write Timing Constraints           : NO
Cross Clock Analysis               : NO
Hierarchy Separator                : /
Bus Delimiter                      : <>
Case Specifier                     : Maintain
Slice Utilization Ratio            : 100
BRAM Utilization Ratio             : 100
DSP48 Utilization Ratio            : 100
Auto BRAM Packing                  : NO
Slice Utilization Ratio Delta      : 5

=========================================================================


=========================================================================
*                          HDL Parsing                                  *
=========================================================================
Analyzing Verilog file "C:\Users\Ariel\Xilinx\Workspace\UART\tx.v" into library work
Parsing module <UART_tx>.

=========================================================================
*                            HDL Elaboration                            *
=========================================================================

Elaborating module <UART_tx>.

=========================================================================
*                           HDL Synthesis                               *
=========================================================================

Synthesizing Unit <UART_tx>.
    Related source file is "C:\Users\Ariel\Xilinx\Workspace\UART\tx.v".
    Found 2-bit register for signal <current_state>.
    Found 1-bit register for signal <tx>.
    Found 1-bit register for signal <tx_done>.
    Found 2-bit register for signal <next_state>.
    Found 3-bit register for signal <B_sent>.
    Found 8-bit register for signal <d_in>.
    Found 3-bit adder for signal <B_sent[2]_GND_1_o_add_7_OUT> created at line 88.
    Found 1-bit 8-to-1 multiplexer for signal <B_sent[2]_d_in[7]_Mux_5_o> created at line 83.
    Found 1-bit 4-to-1 multiplexer for signal <current_state[1]_tx_Mux_13_o> created at line 64.
    Found 2-bit 4-to-1 multiplexer for signal <current_state[1]_next_state[1]_wide_mux_15_OUT> created at line 64.
    Summary:
	inferred   1 Adder/Subtractor(s).
	inferred  17 D-type flip-flop(s).
	inferred  11 Multiplexer(s).
Unit <UART_tx> synthesized.

=========================================================================
HDL Synthesis Report

Macro Statistics
# Adders/Subtractors                                   : 1
 3-bit adder                                           : 1
# Registers                                            : 6
 1-bit register                                        : 2
 2-bit register                                        : 2
 3-bit register                                        : 1
 8-bit register                                        : 1
# Multiplexers                                         : 11
 1-bit 2-to-1 multiplexer                              : 3
 1-bit 4-to-1 multiplexer                              : 1
 1-bit 8-to-1 multiplexer                              : 1
 2-bit 2-to-1 multiplexer                              : 4
 2-bit 4-to-1 multiplexer                              : 1
 3-bit 2-to-1 multiplexer                              : 1

=========================================================================

=========================================================================
*                       Advanced HDL Synthesis                          *
=========================================================================


Synthesizing (advanced) Unit <UART_tx>.
The following registers are absorbed into counter <B_sent>: 1 register on signal <B_sent>.
Unit <UART_tx> synthesized (advanced).

=========================================================================
Advanced HDL Synthesis Report

Macro Statistics
# Counters                                             : 1
 3-bit up counter                                      : 1
# Registers                                            : 14
 Flip-Flops                                            : 14
# Multiplexers                                         : 10
 1-bit 2-to-1 multiplexer                              : 3
 1-bit 4-to-1 multiplexer                              : 1
 1-bit 8-to-1 multiplexer                              : 1
 2-bit 2-to-1 multiplexer                              : 4
 2-bit 4-to-1 multiplexer                              : 1

=========================================================================

=========================================================================
*                         Low Level Synthesis                           *
=========================================================================

Optimizing unit <UART_tx> ...

Mapping all equations...
Building and optimizing final netlist ...
Found area constraint ratio of 100 (+ 5) on block UART_tx, actual ratio is 0.

Final Macro Processing ...

=========================================================================
Final Register Report

Macro Statistics
# Registers                                            : 17
 Flip-Flops                                            : 17

=========================================================================

=========================================================================
*                           Partition Report                            *
=========================================================================

Partition Implementation Status
-------------------------------

  No Partitions were found in this design.

-------------------------------

=========================================================================
*                            Design Summary                             *
=========================================================================

Top Level Output File Name         : UART_tx.ngc

Primitive and Black Box Usage:
------------------------------
# BELS                             : 22
#      INV                         : 1
#      LUT2                        : 1
#      LUT3                        : 1
#      LUT4                        : 12
#      LUT5                        : 2
#      LUT6                        : 5
# FlipFlops/Latches                : 17
#      FD                          : 4
#      FDC                         : 2
#      FDE                         : 11
# Clock Buffers                    : 1
#      BUFGP                       : 1
# IO Buffers                       : 13
#      IBUF                        : 11
#      OBUF                        : 2

Device utilization summary:
---------------------------

Selected Device : 7a100tcsg324-3 


Slice Logic Utilization: 
 Number of Slice Registers:              17  out of  126800     0%  
 Number of Slice LUTs:                   22  out of  63400     0%  
    Number used as Logic:                22  out of  63400     0%  

Slice Logic Distribution: 
 Number of LUT Flip Flop pairs used:     24
   Number with an unused Flip Flop:       7  out of     24    29%  
   Number with an unused LUT:             2  out of     24     8%  
   Number of fully used LUT-FF pairs:    15  out of     24    62%  
   Number of unique control sets:         4

IO Utilization: 
 Number of IOs:                          14
 Number of bonded IOBs:                  14  out of    210     6%  

Specific Feature Utilization:
 Number of BUFG/BUFGCTRLs:                1  out of     32     3%  

---------------------------
Partition Resource Summary:
---------------------------

  No Partitions were found in this design.

---------------------------


=========================================================================
Timing Report

NOTE: THESE TIMING NUMBERS ARE ONLY A SYNTHESIS ESTIMATE.
      FOR ACCURATE TIMING INFORMATION PLEASE REFER TO THE TRACE REPORT
      GENERATED AFTER PLACE-and-ROUTE.

Clock Information:
------------------
-----------------------------------+------------------------+-------+
Clock Signal                       | Clock buffer(FF name)  | Load  |
-----------------------------------+------------------------+-------+
clock                              | BUFGP                  | 17    |
-----------------------------------+------------------------+-------+

Asynchronous Control Signals Information:
----------------------------------------
No asynchronous control signals found in this design

Timing Summary:
---------------
Speed Grade: -3

   Minimum period: 1.659ns (Maximum Frequency: 602.882MHz)
   Minimum input arrival time before clock: 1.344ns
   Maximum output required time after clock: 0.650ns
   Maximum combinational path delay: No path found

Timing Details:
---------------
All values displayed in nanoseconds (ns)

=========================================================================
Timing constraint: Default period analysis for Clock 'clock'
  Clock period: 1.659ns (frequency: 602.882MHz)
  Total number of paths / destination ports: 88 / 28
-------------------------------------------------------------------------
Delay:               1.659ns (Levels of Logic = 2)
  Source:            B_sent_1 (FF)
  Destination:       tx (FF)
  Source Clock:      clock rising
  Destination Clock: clock rising

  Data Path: B_sent_1 to tx
                                Gate     Net
    Cell:in->out      fanout   Delay   Delay  Logical Name (Net Name)
    ----------------------------------------  ------------
     FDE:C->Q              6   0.361   0.716  B_sent_1 (B_sent_1)
     LUT6:I0->O            1   0.097   0.379  Mmux_B_sent[2]_d_in[7]_Mux_5_o_4 (Mmux_B_sent[2]_d_in[7]_Mux_5_o_4)
     LUT5:I3->O            1   0.097   0.000  Mmux_current_state[1]_tx_Mux_13_o11 (current_state[1]_tx_Mux_13_o)
     FD:D                      0.008          tx
    ----------------------------------------
    Total                      1.659ns (0.563ns logic, 1.096ns route)
                                       (33.9% logic, 66.1% route)

=========================================================================
Timing constraint: Default OFFSET IN BEFORE for Clock 'clock'
  Total number of paths / destination ports: 29 / 17
-------------------------------------------------------------------------
Offset:              1.344ns (Levels of Logic = 3)
  Source:            s_tick (PAD)
  Destination:       tx (FF)
  Destination Clock: clock rising

  Data Path: s_tick to tx
                                Gate     Net
    Cell:in->out      fanout   Delay   Delay  Logical Name (Net Name)
    ----------------------------------------  ------------
     IBUF:I->O             7   0.001   0.584  s_tick_IBUF (s_tick_IBUF)
     LUT4:I0->O            1   0.097   0.556  Mmux_B_sent[2]_d_in[7]_Mux_5_o_2_f7_SW1 (N11)
     LUT5:I1->O            1   0.097   0.000  Mmux_current_state[1]_tx_Mux_13_o11 (current_state[1]_tx_Mux_13_o)
     FD:D                      0.008          tx
    ----------------------------------------
    Total                      1.344ns (0.203ns logic, 1.141ns route)
                                       (15.1% logic, 84.9% route)

=========================================================================
Timing constraint: Default OFFSET OUT AFTER for Clock 'clock'
  Total number of paths / destination ports: 2 / 2
-------------------------------------------------------------------------
Offset:              0.650ns (Levels of Logic = 1)
  Source:            tx (FF)
  Destination:       tx (PAD)
  Source Clock:      clock rising

  Data Path: tx to tx
                                Gate     Net
    Cell:in->out      fanout   Delay   Delay  Logical Name (Net Name)
    ----------------------------------------  ------------
     FD:C->Q               3   0.361   0.289  tx (tx_OBUF)
     OBUF:I->O                 0.000          tx_OBUF (tx)
    ----------------------------------------
    Total                      0.650ns (0.361ns logic, 0.289ns route)
                                       (55.5% logic, 44.5% route)

=========================================================================

Cross Clock Domains Report:
--------------------------

Clock to Setup on destination clock clock
---------------+---------+---------+---------+---------+
               | Src:Rise| Src:Fall| Src:Rise| Src:Fall|
Source Clock   |Dest:Rise|Dest:Rise|Dest:Fall|Dest:Fall|
---------------+---------+---------+---------+---------+
clock          |    1.659|         |         |         |
---------------+---------+---------+---------+---------+

=========================================================================


Total REAL time to Xst completion: 17.00 secs
Total CPU time to Xst completion: 16.72 secs
 
--> 

Total memory usage is 448136 kilobytes

Number of errors   :    0 (   0 filtered)
Number of warnings :    0 (   0 filtered)
Number of infos    :    0 (   0 filtered)

