Release 14.7 - xst P.20131013 (nt64)
Copyright (c) 1995-2013 Xilinx, Inc.  All rights reserved.
--> Parameter TMPDIR set to xst/projnav.tmp


Total REAL time to Xst completion: 0.00 secs
Total CPU time to Xst completion: 0.19 secs
 
--> Parameter xsthdpdir set to xst


Total REAL time to Xst completion: 0.00 secs
Total CPU time to Xst completion: 0.19 secs
 
--> Reading design: UART_fifo_interface.prj

TABLE OF CONTENTS
  1) Synthesis Options Summary
  2) HDL Parsing
  3) HDL Elaboration
  4) HDL Synthesis
       4.1) HDL Synthesis Report
  5) Advanced HDL Synthesis
       5.1) Advanced HDL Synthesis Report
  6) Low Level Synthesis
  7) Partition Report
  8) Design Summary
       8.1) Primitive and Black Box Usage
       8.2) Device utilization summary
       8.3) Partition Resource Summary
       8.4) Timing Report
            8.4.1) Clock Information
            8.4.2) Asynchronous Control Signals Information
            8.4.3) Timing Summary
            8.4.4) Timing Details
            8.4.5) Cross Clock Domains Report


=========================================================================
*                      Synthesis Options Summary                        *
=========================================================================
---- Source Parameters
Input File Name                    : "UART_fifo_interface.prj"
Ignore Synthesis Constraint File   : NO

---- Target Parameters
Output File Name                   : "UART_fifo_interface"
Output Format                      : NGC
Target Device                      : xc7a100t-3-csg324

---- Source Options
Top Module Name                    : UART_fifo_interface
Automatic FSM Extraction           : YES
FSM Encoding Algorithm             : Auto
Safe Implementation                : No
FSM Style                          : LUT
RAM Extraction                     : Yes
RAM Style                          : Auto
ROM Extraction                     : Yes
Shift Register Extraction          : YES
ROM Style                          : Auto
Resource Sharing                   : YES
Asynchronous To Synchronous        : NO
Shift Register Minimum Size        : 2
Use DSP Block                      : Auto
Automatic Register Balancing       : No

---- Target Options
LUT Combining                      : Auto
Reduce Control Sets                : Auto
Add IO Buffers                     : YES
Global Maximum Fanout              : 100000
Add Generic Clock Buffer(BUFG)     : 16
Register Duplication               : YES
Optimize Instantiated Primitives   : NO
Use Clock Enable                   : Auto
Use Synchronous Set                : Auto
Use Synchronous Reset              : Auto
Pack IO Registers into IOBs        : Auto
Equivalent register Removal        : YES

---- General Options
Optimization Goal                  : Speed
Optimization Effort                : 1
Power Reduction                    : NO
Keep Hierarchy                     : No
Netlist Hierarchy                  : As_Optimized
RTL Output                         : Yes
Global Optimization                : AllClockNets
Read Cores                         : YES
Write Timing Constraints           : NO
Cross Clock Analysis               : NO
Hierarchy Separator                : /
Bus Delimiter                      : <>
Case Specifier                     : Maintain
Slice Utilization Ratio            : 100
BRAM Utilization Ratio             : 100
DSP48 Utilization Ratio            : 100
Auto BRAM Packing                  : NO
Slice Utilization Ratio Delta      : 5

=========================================================================


=========================================================================
*                          HDL Parsing                                  *
=========================================================================
Analyzing Verilog file "C:\Users\Ariel\Xilinx\Workspace\UART\fifo_interface.v" into library work
Parsing module <UART_fifo_interface>.

=========================================================================
*                            HDL Elaboration                            *
=========================================================================

Elaborating module <UART_fifo_interface>.
WARNING:HDLCompiler:413 - "C:\Users\Ariel\Xilinx\Workspace\UART\fifo_interface.v" Line 51: Result of 6-bit expression is truncated to fit in 5-bit target.
WARNING:HDLCompiler:413 - "C:\Users\Ariel\Xilinx\Workspace\UART\fifo_interface.v" Line 58: Result of 5-bit expression is truncated to fit in 4-bit target.
WARNING:HDLCompiler:413 - "C:\Users\Ariel\Xilinx\Workspace\UART\fifo_interface.v" Line 59: Result of 6-bit expression is truncated to fit in 5-bit target.
WARNING:HDLCompiler:413 - "C:\Users\Ariel\Xilinx\Workspace\UART\fifo_interface.v" Line 64: Result of 5-bit expression is truncated to fit in 4-bit target.
WARNING:HDLCompiler:413 - "C:\Users\Ariel\Xilinx\Workspace\UART\fifo_interface.v" Line 66: Result of 32-bit expression is truncated to fit in 5-bit target.
WARNING:HDLCompiler:413 - "C:\Users\Ariel\Xilinx\Workspace\UART\fifo_interface.v" Line 69: Result of 5-bit expression is truncated to fit in 4-bit target.

=========================================================================
*                           HDL Synthesis                               *
=========================================================================

Synthesizing Unit <UART_fifo_interface>.
    Related source file is "C:\Users\Ariel\Xilinx\Workspace\UART\fifo_interface.v".
        bits_depth = 4
    Found 16x8-bit dual-port RAM <Mram_FIFO> for signal <FIFO>.
    Found 4-bit register for signal <read_pointer>.
    Found 4-bit register for signal <write_pointer>.
    Found 8-bit register for signal <data_out>.
    Found 5-bit register for signal <free_space>.
    Found 4-bit adder for signal <read_pointer[3]_GND_1_o_add_3_OUT> created at line 58.
    Found 5-bit adder for signal <free_space[4]_GND_1_o_add_4_OUT> created at line 59.
    Found 4-bit adder for signal <write_pointer[3]_GND_1_o_add_12_OUT> created at line 64.
    Found 5-bit subtractor for signal <GND_1_o_GND_1_o_sub_14_OUT<4:0>> created at line 66.
    Summary:
	inferred   1 RAM(s).
	inferred   4 Adder/Subtractor(s).
	inferred  21 D-type flip-flop(s).
	inferred   3 Multiplexer(s).
Unit <UART_fifo_interface> synthesized.

=========================================================================
HDL Synthesis Report

Macro Statistics
# RAMs                                                 : 1
 16x8-bit dual-port RAM                                : 1
# Adders/Subtractors                                   : 4
 4-bit adder                                           : 2
 5-bit adder                                           : 1
 5-bit subtractor                                      : 1
# Registers                                            : 4
 4-bit register                                        : 2
 5-bit register                                        : 1
 8-bit register                                        : 1
# Multiplexers                                         : 3
 1-bit 2-to-1 multiplexer                              : 1
 5-bit 2-to-1 multiplexer                              : 2

=========================================================================

=========================================================================
*                       Advanced HDL Synthesis                          *
=========================================================================


Synthesizing (advanced) Unit <UART_fifo_interface>.
The following registers are absorbed into counter <write_pointer>: 1 register on signal <write_pointer>.
The following registers are absorbed into counter <read_pointer>: 1 register on signal <read_pointer>.
INFO:Xst:3217 - HDL ADVISOR - Register <data_out> currently described with an asynchronous reset, could be combined with distributed RAM <Mram_FIFO> for implementation on block RAM resources if you made this reset synchronous instead.
    -----------------------------------------------------------------------
    | ram_type           | Distributed                         |          |
    -----------------------------------------------------------------------
    | Port A                                                              |
    |     aspect ratio   | 16-word x 8-bit                     |          |
    |     clkA           | connected to signal <clock>         | rise     |
    |     weA            | connected to internal node          | high     |
    |     addrA          | connected to signal <write_pointer> |          |
    |     diA            | connected to signal <data_in>       |          |
    -----------------------------------------------------------------------
    | Port B                                                              |
    |     aspect ratio   | 16-word x 8-bit                     |          |
    |     addrB          | connected to signal <read_pointer>  |          |
    |     doB            | connected to internal node          |          |
    -----------------------------------------------------------------------
Unit <UART_fifo_interface> synthesized (advanced).

=========================================================================
Advanced HDL Synthesis Report

Macro Statistics
# RAMs                                                 : 1
 16x8-bit dual-port distributed RAM                    : 1
# Adders/Subtractors                                   : 2
 5-bit adder                                           : 1
 5-bit subtractor                                      : 1
# Counters                                             : 2
 4-bit up counter                                      : 2
# Registers                                            : 13
 Flip-Flops                                            : 13
# Multiplexers                                         : 3
 1-bit 2-to-1 multiplexer                              : 1
 5-bit 2-to-1 multiplexer                              : 2

=========================================================================

=========================================================================
*                         Low Level Synthesis                           *
=========================================================================

Optimizing unit <UART_fifo_interface> ...

Mapping all equations...
Building and optimizing final netlist ...
Found area constraint ratio of 100 (+ 5) on block UART_fifo_interface, actual ratio is 0.

Final Macro Processing ...

=========================================================================
Final Register Report

Macro Statistics
# Registers                                            : 21
 Flip-Flops                                            : 21

=========================================================================

=========================================================================
*                           Partition Report                            *
=========================================================================

Partition Implementation Status
-------------------------------

  No Partitions were found in this design.

-------------------------------

=========================================================================
*                            Design Summary                             *
=========================================================================

Top Level Output File Name         : UART_fifo_interface.ngc

Primitive and Black Box Usage:
------------------------------
# BELS                             : 29
#      GND                         : 1
#      INV                         : 3
#      LUT2                        : 3
#      LUT3                        : 10
#      LUT4                        : 5
#      LUT5                        : 3
#      LUT6                        : 4
# FlipFlops/Latches                : 21
#      FDCE                        : 16
#      FDPE                        : 5
# RAMS                             : 3
#      RAM32M                      : 1
#      RAM32X1D                    : 2
# Clock Buffers                    : 1
#      BUFGP                       : 1
# IO Buffers                       : 21
#      IBUF                        : 11
#      OBUF                        : 10

Device utilization summary:
---------------------------

Selected Device : 7a100tcsg324-3 


Slice Logic Utilization: 
 Number of Slice Registers:              21  out of  126800     0%  
 Number of Slice LUTs:                   36  out of  63400     0%  
    Number used as Logic:                28  out of  63400     0%  
    Number used as Memory:                8  out of  19000     0%  
       Number used as RAM:                8

Slice Logic Distribution: 
 Number of LUT Flip Flop pairs used:     36
   Number with an unused Flip Flop:      15  out of     36    41%  
   Number with an unused LUT:             0  out of     36     0%  
   Number of fully used LUT-FF pairs:    21  out of     36    58%  
   Number of unique control sets:         4

IO Utilization: 
 Number of IOs:                          22
 Number of bonded IOBs:                  22  out of    210    10%  

Specific Feature Utilization:
 Number of BUFG/BUFGCTRLs:                1  out of     32     3%  

---------------------------
Partition Resource Summary:
---------------------------

  No Partitions were found in this design.

---------------------------


=========================================================================
Timing Report

NOTE: THESE TIMING NUMBERS ARE ONLY A SYNTHESIS ESTIMATE.
      FOR ACCURATE TIMING INFORMATION PLEASE REFER TO THE TRACE REPORT
      GENERATED AFTER PLACE-and-ROUTE.

Clock Information:
------------------
-----------------------------------+------------------------+-------+
Clock Signal                       | Clock buffer(FF name)  | Load  |
-----------------------------------+------------------------+-------+
clock                              | BUFGP                  | 24    |
-----------------------------------+------------------------+-------+

Asynchronous Control Signals Information:
----------------------------------------
No asynchronous control signals found in this design

Timing Summary:
---------------
Speed Grade: -3

   Minimum period: 1.841ns (Maximum Frequency: 543.154MHz)
   Minimum input arrival time before clock: 1.221ns
   Maximum output required time after clock: 1.458ns
   Maximum combinational path delay: No path found

Timing Details:
---------------
All values displayed in nanoseconds (ns)

=========================================================================
Timing constraint: Default period analysis for Clock 'clock'
  Clock period: 1.841ns (frequency: 543.154MHz)
  Total number of paths / destination ports: 194 / 58
-------------------------------------------------------------------------
Delay:               1.841ns (Levels of Logic = 2)
  Source:            free_space_0 (FF)
  Destination:       free_space_0 (FF)
  Source Clock:      clock rising
  Destination Clock: clock rising

  Data Path: free_space_0 to free_space_0
                                Gate     Net
    Cell:in->out      fanout   Delay   Delay  Logical Name (Net Name)
    ----------------------------------------  ------------
     FDCE:C->Q             9   0.361   0.593  free_space_0 (free_space_0)
     LUT4:I0->O            2   0.097   0.299  empty_flag<4>11 (empty_flag<4>1)
     LUT4:I3->O            5   0.097   0.298  _n0109_inv1 (_n0109_inv)
     FDCE:CE                   0.095          free_space_0
    ----------------------------------------
    Total                      1.841ns (0.650ns logic, 1.191ns route)
                                       (35.3% logic, 64.7% route)

=========================================================================
Timing constraint: Default OFFSET IN BEFORE for Clock 'clock'
  Total number of paths / destination ports: 69 / 57
-------------------------------------------------------------------------
Offset:              1.221ns (Levels of Logic = 2)
  Source:            write_flag (PAD)
  Destination:       Mram_FIFO1 (RAM)
  Destination Clock: clock rising

  Data Path: write_flag to Mram_FIFO1
                                Gate     Net
    Cell:in->out      fanout   Delay   Delay  Logical Name (Net Name)
    ----------------------------------------  ------------
     IBUF:I->O            11   0.001   0.425  write_flag_IBUF (write_flag_IBUF)
     LUT2:I0->O            3   0.097   0.289  Mmux_BUS_000311 (BUS_0003)
     RAM32M:WE                 0.408          Mram_FIFO1
    ----------------------------------------
    Total                      1.221ns (0.506ns logic, 0.715ns route)
                                       (41.5% logic, 58.5% route)

=========================================================================
Timing constraint: Default OFFSET OUT AFTER for Clock 'clock'
  Total number of paths / destination ports: 18 / 10
-------------------------------------------------------------------------
Offset:              1.458ns (Levels of Logic = 2)
  Source:            free_space_4 (FF)
  Destination:       empty_flag (PAD)
  Source Clock:      clock rising

  Data Path: free_space_4 to empty_flag
                                Gate     Net
    Cell:in->out      fanout   Delay   Delay  Logical Name (Net Name)
    ----------------------------------------  ------------
     FDPE:C->Q             9   0.361   0.720  free_space_4 (free_space_4)
     LUT5:I0->O            1   0.097   0.279  empty_flag<4>1 (empty_flag_OBUF)
     OBUF:I->O                 0.000          empty_flag_OBUF (empty_flag)
    ----------------------------------------
    Total                      1.458ns (0.458ns logic, 1.000ns route)
                                       (31.4% logic, 68.6% route)

=========================================================================

Cross Clock Domains Report:
--------------------------

Clock to Setup on destination clock clock
---------------+---------+---------+---------+---------+
               | Src:Rise| Src:Fall| Src:Rise| Src:Fall|
Source Clock   |Dest:Rise|Dest:Rise|Dest:Fall|Dest:Fall|
---------------+---------+---------+---------+---------+
clock          |    1.841|         |         |         |
---------------+---------+---------+---------+---------+

=========================================================================


Total REAL time to Xst completion: 14.00 secs
Total CPU time to Xst completion: 14.36 secs
 
--> 

Total memory usage is 448072 kilobytes

Number of errors   :    0 (   0 filtered)
Number of warnings :    6 (   0 filtered)
Number of infos    :    1 (   0 filtered)

